d:\tsg\qtguiapplication1\qtguiapplication1\x64\debug\qrc_page_preview.obj
d:\tsg\qtguiapplication1\qtguiapplication1\x64\debug\moc_page_preview.obj
d:\tsg\qtguiapplication1\qtguiapplication1\x64\debug\moc_charts.obj
d:\tsg\qtguiapplication1\qtguiapplication1\x64\debug\moc_console.obj
d:\tsg\qtguiapplication1\qtguiapplication1\x64\debug\db.obj
d:\tsg\qtguiapplication1\qtguiapplication1\x64\debug\main.obj
d:\tsg\qtguiapplication1\qtguiapplication1\x64\debug\page_preview.obj
d:\tsg\qtguiapplication1\qtguiapplication1\x64\debug\console.obj
d:\tsg\qtguiapplication1\qtguiapplication1\x64\debug\charts.obj
d:\tsg\qtguiapplication1\qtguiapplication1\x64\debug\global.obj
d:\tsg\qtguiapplication1\qtguiapplication1\x64\debug\vc142.pdb
d:\tsg\qtguiapplication1\qtguiapplication1\generatedfiles\ui_charts.h
d:\tsg\qtguiapplication1\qtguiapplication1\generatedfiles\ui_console.h
d:\tsg\qtguiapplication1\qtguiapplication1\generatedfiles\ui_page_preview.h
d:\tsg\qtguiapplication1\qtguiapplication1\generatedfiles\qrc_page_preview.cpp
d:\tsg\qtguiapplication1\qtguiapplication1\generatedfiles\debug\moc_page_preview.cpp
d:\tsg\qtguiapplication1\qtguiapplication1\generatedfiles\debug\moc_console.cpp
d:\tsg\qtguiapplication1\qtguiapplication1\generatedfiles\debug\moc_charts.cpp
d:\tsg\qtguiapplication1\x64\debug\libary.exe
d:\tsg\qtguiapplication1\x64\debug\libary.ilk
d:\tsg\qtguiapplication1\x64\debug\libary.pdb
d:\tsg\qtguiapplication1\qtguiapplication1\.\generatedfiles\debug\moc_page_preview.cpp
d:\tsg\qtguiapplication1\qtguiapplication1\.\generatedfiles\debug\moc_console.cpp
d:\tsg\qtguiapplication1\qtguiapplication1\.\generatedfiles\debug\moc_charts.cpp
d:\tsg\qtguiapplication1\qtguiapplication1\.\generatedfiles\qrc_page_preview.cpp
d:\tsg\qtguiapplication1\qtguiapplication1\.\generatedfiles\ui_charts.h
d:\tsg\qtguiapplication1\qtguiapplication1\.\generatedfiles\ui_console.h
d:\tsg\qtguiapplication1\qtguiapplication1\.\generatedfiles\ui_page_preview.h
d:\tsg\qtguiapplication1\qtguiapplication1\x64\debug\libary.tlog\cl.command.1.tlog
d:\tsg\qtguiapplication1\qtguiapplication1\x64\debug\libary.tlog\cl.read.1.tlog
d:\tsg\qtguiapplication1\qtguiapplication1\x64\debug\libary.tlog\cl.write.1.tlog
d:\tsg\qtguiapplication1\qtguiapplication1\x64\debug\libary.tlog\libary.write.1u.tlog
d:\tsg\qtguiapplication1\qtguiapplication1\x64\debug\libary.tlog\link.command.1.tlog
d:\tsg\qtguiapplication1\qtguiapplication1\x64\debug\libary.tlog\link.read.1.tlog
d:\tsg\qtguiapplication1\qtguiapplication1\x64\debug\libary.tlog\link.write.1.tlog
d:\tsg\qtguiapplication1\qtguiapplication1\x64\debug\libary.tlog\moc.read.1u.tlog
d:\tsg\qtguiapplication1\qtguiapplication1\x64\debug\libary.tlog\moc.write.1u.tlog
d:\tsg\qtguiapplication1\qtguiapplication1\x64\debug\libary.tlog\rcc.read.1u.tlog
d:\tsg\qtguiapplication1\qtguiapplication1\x64\debug\libary.tlog\rcc.write.1u.tlog
d:\tsg\qtguiapplication1\qtguiapplication1\x64\debug\libary.tlog\uic.read.1u.tlog
d:\tsg\qtguiapplication1\qtguiapplication1\x64\debug\libary.tlog\uic.write.1u.tlog
